0 info it worked if it ends with ok
1 verbose cli [ '/usr/bin/node', '/usr/bin/npm', 'install' ]
2 info using npm@1.4.28
3 info using node@v0.10.33
4 verbose node symlink /usr/bin/node
5 verbose readDependencies using package.json deps
6 verbose install where, deps [ '/var/www/html/projects/darknight',
6 verbose install   [ 'express',
6 verbose install     'body-parser',
6 verbose install     'cookie-parser',
6 verbose install     'morgan',
6 verbose install     'serve-favicon',
6 verbose install     'debug',
6 verbose install     'jade',
6 verbose install     'mongodb',
6 verbose install     'monk' ] ]
7 info preinstall darknight@0.0.0
8 verbose readDependencies using package.json deps
9 verbose cache add [ 'express@~4.9.0', null ]
10 verbose cache add name=undefined spec="express@~4.9.0" args=["express@~4.9.0",null]
11 verbose parsed url { protocol: null,
11 verbose parsed url   slashes: null,
11 verbose parsed url   auth: null,
11 verbose parsed url   host: null,
11 verbose parsed url   port: null,
11 verbose parsed url   hostname: null,
11 verbose parsed url   hash: null,
11 verbose parsed url   search: null,
11 verbose parsed url   query: null,
11 verbose parsed url   pathname: 'express@~4.9.0',
11 verbose parsed url   path: 'express@~4.9.0',
11 verbose parsed url   href: 'express@~4.9.0' }
12 verbose cache add [ 'body-parser@~1.8.1', null ]
13 verbose cache add name=undefined spec="body-parser@~1.8.1" args=["body-parser@~1.8.1",null]
14 verbose parsed url { protocol: null,
14 verbose parsed url   slashes: null,
14 verbose parsed url   auth: null,
14 verbose parsed url   host: null,
14 verbose parsed url   port: null,
14 verbose parsed url   hostname: null,
14 verbose parsed url   hash: null,
14 verbose parsed url   search: null,
14 verbose parsed url   query: null,
14 verbose parsed url   pathname: 'body-parser@~1.8.1',
14 verbose parsed url   path: 'body-parser@~1.8.1',
14 verbose parsed url   href: 'body-parser@~1.8.1' }
15 verbose cache add [ 'cookie-parser@~1.3.3', null ]
16 verbose cache add name=undefined spec="cookie-parser@~1.3.3" args=["cookie-parser@~1.3.3",null]
17 verbose parsed url { protocol: null,
17 verbose parsed url   slashes: null,
17 verbose parsed url   auth: null,
17 verbose parsed url   host: null,
17 verbose parsed url   port: null,
17 verbose parsed url   hostname: null,
17 verbose parsed url   hash: null,
17 verbose parsed url   search: null,
17 verbose parsed url   query: null,
17 verbose parsed url   pathname: 'cookie-parser@~1.3.3',
17 verbose parsed url   path: 'cookie-parser@~1.3.3',
17 verbose parsed url   href: 'cookie-parser@~1.3.3' }
18 verbose cache add [ 'morgan@~1.3.0', null ]
19 verbose cache add name=undefined spec="morgan@~1.3.0" args=["morgan@~1.3.0",null]
20 verbose parsed url { protocol: null,
20 verbose parsed url   slashes: null,
20 verbose parsed url   auth: null,
20 verbose parsed url   host: null,
20 verbose parsed url   port: null,
20 verbose parsed url   hostname: null,
20 verbose parsed url   hash: null,
20 verbose parsed url   search: null,
20 verbose parsed url   query: null,
20 verbose parsed url   pathname: 'morgan@~1.3.0',
20 verbose parsed url   path: 'morgan@~1.3.0',
20 verbose parsed url   href: 'morgan@~1.3.0' }
21 verbose cache add name="express" spec="~4.9.0" args=["express","~4.9.0"]
22 verbose parsed url { protocol: null,
22 verbose parsed url   slashes: null,
22 verbose parsed url   auth: null,
22 verbose parsed url   host: null,
22 verbose parsed url   port: null,
22 verbose parsed url   hostname: null,
22 verbose parsed url   hash: null,
22 verbose parsed url   search: null,
22 verbose parsed url   query: null,
22 verbose parsed url   pathname: '~4.9.0',
22 verbose parsed url   path: '~4.9.0',
22 verbose parsed url   href: '~4.9.0' }
23 verbose addNamed [ 'express', '~4.9.0' ]
24 verbose addNamed [ null, '>=4.9.0-0 <4.10.0-0' ]
25 verbose cache add name="body-parser" spec="~1.8.1" args=["body-parser","~1.8.1"]
26 verbose parsed url { protocol: null,
26 verbose parsed url   slashes: null,
26 verbose parsed url   auth: null,
26 verbose parsed url   host: null,
26 verbose parsed url   port: null,
26 verbose parsed url   hostname: null,
26 verbose parsed url   hash: null,
26 verbose parsed url   search: null,
26 verbose parsed url   query: null,
26 verbose parsed url   pathname: '~1.8.1',
26 verbose parsed url   path: '~1.8.1',
26 verbose parsed url   href: '~1.8.1' }
27 verbose addNamed [ 'body-parser', '~1.8.1' ]
28 verbose addNamed [ null, '>=1.8.1-0 <1.9.0-0' ]
29 verbose cache add name="cookie-parser" spec="~1.3.3" args=["cookie-parser","~1.3.3"]
30 verbose parsed url { protocol: null,
30 verbose parsed url   slashes: null,
30 verbose parsed url   auth: null,
30 verbose parsed url   host: null,
30 verbose parsed url   port: null,
30 verbose parsed url   hostname: null,
30 verbose parsed url   hash: null,
30 verbose parsed url   search: null,
30 verbose parsed url   query: null,
30 verbose parsed url   pathname: '~1.3.3',
30 verbose parsed url   path: '~1.3.3',
30 verbose parsed url   href: '~1.3.3' }
31 verbose addNamed [ 'cookie-parser', '~1.3.3' ]
32 verbose addNamed [ null, '>=1.3.3-0 <1.4.0-0' ]
33 verbose cache add [ 'serve-favicon@~2.1.3', null ]
34 verbose cache add name=undefined spec="serve-favicon@~2.1.3" args=["serve-favicon@~2.1.3",null]
35 verbose parsed url { protocol: null,
35 verbose parsed url   slashes: null,
35 verbose parsed url   auth: null,
35 verbose parsed url   host: null,
35 verbose parsed url   port: null,
35 verbose parsed url   hostname: null,
35 verbose parsed url   hash: null,
35 verbose parsed url   search: null,
35 verbose parsed url   query: null,
35 verbose parsed url   pathname: 'serve-favicon@~2.1.3',
35 verbose parsed url   path: 'serve-favicon@~2.1.3',
35 verbose parsed url   href: 'serve-favicon@~2.1.3' }
36 verbose cache add name="morgan" spec="~1.3.0" args=["morgan","~1.3.0"]
37 verbose parsed url { protocol: null,
37 verbose parsed url   slashes: null,
37 verbose parsed url   auth: null,
37 verbose parsed url   host: null,
37 verbose parsed url   port: null,
37 verbose parsed url   hostname: null,
37 verbose parsed url   hash: null,
37 verbose parsed url   search: null,
37 verbose parsed url   query: null,
37 verbose parsed url   pathname: '~1.3.0',
37 verbose parsed url   path: '~1.3.0',
37 verbose parsed url   href: '~1.3.0' }
38 verbose addNamed [ 'morgan', '~1.3.0' ]
39 verbose addNamed [ null, '>=1.3.0-0 <1.4.0-0' ]
40 silly lockFile 6ae7fa08-express-4-9-0 express@~4.9.0
41 verbose lock express@~4.9.0 /home/edward/.npm/6ae7fa08-express-4-9-0.lock
42 silly lockFile a49948c1-body-parser-1-8-1 body-parser@~1.8.1
43 verbose lock body-parser@~1.8.1 /home/edward/.npm/a49948c1-body-parser-1-8-1.lock
44 silly lockFile bf5babd8-cookie-parser-1-3-3 cookie-parser@~1.3.3
45 verbose lock cookie-parser@~1.3.3 /home/edward/.npm/bf5babd8-cookie-parser-1-3-3.lock
46 silly lockFile a4a9bdf4-morgan-1-3-0 morgan@~1.3.0
47 verbose lock morgan@~1.3.0 /home/edward/.npm/a4a9bdf4-morgan-1-3-0.lock
48 verbose cache add [ 'debug@~2.0.0', null ]
49 verbose cache add name=undefined spec="debug@~2.0.0" args=["debug@~2.0.0",null]
50 verbose parsed url { protocol: null,
50 verbose parsed url   slashes: null,
50 verbose parsed url   auth: null,
50 verbose parsed url   host: null,
50 verbose parsed url   port: null,
50 verbose parsed url   hostname: null,
50 verbose parsed url   hash: null,
50 verbose parsed url   search: null,
50 verbose parsed url   query: null,
50 verbose parsed url   pathname: 'debug@~2.0.0',
50 verbose parsed url   path: 'debug@~2.0.0',
50 verbose parsed url   href: 'debug@~2.0.0' }
51 verbose cache add [ 'jade@~1.6.0', null ]
52 verbose cache add name=undefined spec="jade@~1.6.0" args=["jade@~1.6.0",null]
53 verbose parsed url { protocol: null,
53 verbose parsed url   slashes: null,
53 verbose parsed url   auth: null,
53 verbose parsed url   host: null,
53 verbose parsed url   port: null,
53 verbose parsed url   hostname: null,
53 verbose parsed url   hash: null,
53 verbose parsed url   search: null,
53 verbose parsed url   query: null,
53 verbose parsed url   pathname: 'jade@~1.6.0',
53 verbose parsed url   path: 'jade@~1.6.0',
53 verbose parsed url   href: 'jade@~1.6.0' }
54 verbose cache add [ 'mongodb@*', null ]
55 verbose cache add name=undefined spec="mongodb@*" args=["mongodb@*",null]
56 verbose parsed url { protocol: null,
56 verbose parsed url   slashes: null,
56 verbose parsed url   auth: null,
56 verbose parsed url   host: null,
56 verbose parsed url   port: null,
56 verbose parsed url   hostname: null,
56 verbose parsed url   hash: null,
56 verbose parsed url   search: null,
56 verbose parsed url   query: null,
56 verbose parsed url   pathname: 'mongodb@*',
56 verbose parsed url   path: 'mongodb@*',
56 verbose parsed url   href: 'mongodb@*' }
57 verbose cache add name="serve-favicon" spec="~2.1.3" args=["serve-favicon","~2.1.3"]
58 verbose parsed url { protocol: null,
58 verbose parsed url   slashes: null,
58 verbose parsed url   auth: null,
58 verbose parsed url   host: null,
58 verbose parsed url   port: null,
58 verbose parsed url   hostname: null,
58 verbose parsed url   hash: null,
58 verbose parsed url   search: null,
58 verbose parsed url   query: null,
58 verbose parsed url   pathname: '~2.1.3',
58 verbose parsed url   path: '~2.1.3',
58 verbose parsed url   href: '~2.1.3' }
59 verbose addNamed [ 'serve-favicon', '~2.1.3' ]
60 verbose addNamed [ null, '>=2.1.3-0 <2.2.0-0' ]
61 silly lockFile 38295489-serve-favicon-2-1-3 serve-favicon@~2.1.3
62 verbose lock serve-favicon@~2.1.3 /home/edward/.npm/38295489-serve-favicon-2-1-3.lock
63 verbose cache add name="debug" spec="~2.0.0" args=["debug","~2.0.0"]
64 verbose parsed url { protocol: null,
64 verbose parsed url   slashes: null,
64 verbose parsed url   auth: null,
64 verbose parsed url   host: null,
64 verbose parsed url   port: null,
64 verbose parsed url   hostname: null,
64 verbose parsed url   hash: null,
64 verbose parsed url   search: null,
64 verbose parsed url   query: null,
64 verbose parsed url   pathname: '~2.0.0',
64 verbose parsed url   path: '~2.0.0',
64 verbose parsed url   href: '~2.0.0' }
65 verbose addNamed [ 'debug', '~2.0.0' ]
66 verbose addNamed [ null, '>=2.0.0-0 <2.1.0-0' ]
67 silly lockFile 12b6356d-debug-2-0-0 debug@~2.0.0
68 verbose lock debug@~2.0.0 /home/edward/.npm/12b6356d-debug-2-0-0.lock
69 verbose cache add name="jade" spec="~1.6.0" args=["jade","~1.6.0"]
70 verbose parsed url { protocol: null,
70 verbose parsed url   slashes: null,
70 verbose parsed url   auth: null,
70 verbose parsed url   host: null,
70 verbose parsed url   port: null,
70 verbose parsed url   hostname: null,
70 verbose parsed url   hash: null,
70 verbose parsed url   search: null,
70 verbose parsed url   query: null,
70 verbose parsed url   pathname: '~1.6.0',
70 verbose parsed url   path: '~1.6.0',
70 verbose parsed url   href: '~1.6.0' }
71 verbose addNamed [ 'jade', '~1.6.0' ]
72 verbose addNamed [ null, '>=1.6.0-0 <1.7.0-0' ]
73 silly lockFile ad8c17a8-jade-1-6-0 jade@~1.6.0
74 verbose lock jade@~1.6.0 /home/edward/.npm/ad8c17a8-jade-1-6-0.lock
75 verbose cache add [ 'monk@*', null ]
76 verbose cache add name=undefined spec="monk@*" args=["monk@*",null]
77 verbose parsed url { protocol: null,
77 verbose parsed url   slashes: null,
77 verbose parsed url   auth: null,
77 verbose parsed url   host: null,
77 verbose parsed url   port: null,
77 verbose parsed url   hostname: null,
77 verbose parsed url   hash: null,
77 verbose parsed url   search: null,
77 verbose parsed url   query: null,
77 verbose parsed url   pathname: 'monk@*',
77 verbose parsed url   path: 'monk@*',
77 verbose parsed url   href: 'monk@*' }
78 verbose cache add name="mongodb" spec="*" args=["mongodb","*"]
79 verbose parsed url { protocol: null,
79 verbose parsed url   slashes: null,
79 verbose parsed url   auth: null,
79 verbose parsed url   host: null,
79 verbose parsed url   port: null,
79 verbose parsed url   hostname: null,
79 verbose parsed url   hash: null,
79 verbose parsed url   search: null,
79 verbose parsed url   query: null,
79 verbose parsed url   pathname: '*',
79 verbose parsed url   path: '*',
79 verbose parsed url   href: '*' }
80 verbose addNamed [ 'mongodb', '*' ]
81 verbose addNamed [ null, '*' ]
82 silly lockFile 842f93d5-mongodb mongodb@*
83 verbose lock mongodb@* /home/edward/.npm/842f93d5-mongodb.lock
84 silly addNameRange { name: 'body-parser',
84 silly addNameRange   range: '>=1.8.1-0 <1.9.0-0',
84 silly addNameRange   hasData: false }
85 silly addNameRange { name: 'cookie-parser',
85 silly addNameRange   range: '>=1.3.3-0 <1.4.0-0',
85 silly addNameRange   hasData: false }
86 silly addNameRange { name: 'morgan', range: '>=1.3.0-0 <1.4.0-0', hasData: false }
87 silly addNameRange { name: 'express', range: '>=4.9.0-0 <4.10.0-0', hasData: false }
88 verbose cache add name="monk" spec="*" args=["monk","*"]
89 verbose parsed url { protocol: null,
89 verbose parsed url   slashes: null,
89 verbose parsed url   auth: null,
89 verbose parsed url   host: null,
89 verbose parsed url   port: null,
89 verbose parsed url   hostname: null,
89 verbose parsed url   hash: null,
89 verbose parsed url   search: null,
89 verbose parsed url   query: null,
89 verbose parsed url   pathname: '*',
89 verbose parsed url   path: '*',
89 verbose parsed url   href: '*' }
90 verbose addNamed [ 'monk', '*' ]
91 verbose addNamed [ null, '*' ]
92 silly lockFile 0950a84a-monk monk@*
93 verbose lock monk@* /home/edward/.npm/0950a84a-monk.lock
94 silly addNameRange { name: 'serve-favicon',
94 silly addNameRange   range: '>=2.1.3-0 <2.2.0-0',
94 silly addNameRange   hasData: false }
95 verbose request where is /body-parser
96 verbose request registry https://registry.npmjs.org/
97 verbose request id 209ca80e0c660d70
98 verbose url raw /body-parser
99 verbose url resolving [ 'https://registry.npmjs.org/', './body-parser' ]
100 verbose url resolved https://registry.npmjs.org/body-parser
101 verbose request where is https://registry.npmjs.org/body-parser
102 info trying registry request attempt 1 at 15:42:42
103 http GET https://registry.npmjs.org/body-parser
104 verbose request where is /cookie-parser
105 verbose request registry https://registry.npmjs.org/
106 verbose url raw /cookie-parser
107 verbose url resolving [ 'https://registry.npmjs.org/', './cookie-parser' ]
108 verbose url resolved https://registry.npmjs.org/cookie-parser
109 verbose request where is https://registry.npmjs.org/cookie-parser
110 info trying registry request attempt 1 at 15:42:42
111 http GET https://registry.npmjs.org/cookie-parser
112 verbose request where is /morgan
113 verbose request registry https://registry.npmjs.org/
114 verbose url raw /morgan
115 verbose url resolving [ 'https://registry.npmjs.org/', './morgan' ]
116 verbose url resolved https://registry.npmjs.org/morgan
117 verbose request where is https://registry.npmjs.org/morgan
118 info trying registry request attempt 1 at 15:42:42
119 http GET https://registry.npmjs.org/morgan
120 silly addNameRange { name: 'debug', range: '>=2.0.0-0 <2.1.0-0', hasData: false }
121 silly addNameRange { name: 'jade', range: '>=1.6.0-0 <1.7.0-0', hasData: false }
122 silly addNameRange { name: 'mongodb', range: '*', hasData: false }
123 verbose request where is /serve-favicon
124 verbose request registry https://registry.npmjs.org/
125 verbose url raw /serve-favicon
126 verbose url resolving [ 'https://registry.npmjs.org/', './serve-favicon' ]
127 verbose url resolved https://registry.npmjs.org/serve-favicon
128 verbose request where is https://registry.npmjs.org/serve-favicon
129 info trying registry request attempt 1 at 15:42:42
130 http GET https://registry.npmjs.org/serve-favicon
131 verbose request where is /jade
132 verbose request registry https://registry.npmjs.org/
133 verbose url raw /jade
134 verbose url resolving [ 'https://registry.npmjs.org/', './jade' ]
135 verbose url resolved https://registry.npmjs.org/jade
136 verbose request where is https://registry.npmjs.org/jade
137 info trying registry request attempt 1 at 15:42:42
138 http GET https://registry.npmjs.org/jade
139 silly addNameRange { name: 'monk', range: '*', hasData: false }
140 verbose request where is /monk
141 verbose request registry https://registry.npmjs.org/
142 verbose url raw /monk
143 verbose url resolving [ 'https://registry.npmjs.org/', './monk' ]
144 verbose url resolved https://registry.npmjs.org/monk
145 verbose request where is https://registry.npmjs.org/monk
146 info trying registry request attempt 1 at 15:42:42
147 http GET https://registry.npmjs.org/monk
148 verbose request where is /express
149 verbose request registry https://registry.npmjs.org/
150 verbose url raw /express
151 verbose url resolving [ 'https://registry.npmjs.org/', './express' ]
152 verbose url resolved https://registry.npmjs.org/express
153 verbose request where is https://registry.npmjs.org/express
154 info trying registry request attempt 1 at 15:42:42
155 verbose etag "1UVWP112JRXEK7DGNWPW3ASMK"
156 http GET https://registry.npmjs.org/express
157 verbose request where is /debug
158 verbose request registry https://registry.npmjs.org/
159 verbose url raw /debug
160 verbose url resolving [ 'https://registry.npmjs.org/', './debug' ]
161 verbose url resolved https://registry.npmjs.org/debug
162 verbose request where is https://registry.npmjs.org/debug
163 info trying registry request attempt 1 at 15:42:42
164 verbose etag "13TO0OD9DW8ZUI61KH5X2J8G5"
165 http GET https://registry.npmjs.org/debug
166 verbose request where is /mongodb
167 verbose request registry https://registry.npmjs.org/
168 verbose url raw /mongodb
169 verbose url resolving [ 'https://registry.npmjs.org/', './mongodb' ]
170 verbose url resolved https://registry.npmjs.org/mongodb
171 verbose request where is https://registry.npmjs.org/mongodb
172 info trying registry request attempt 1 at 15:42:42
173 verbose etag "8WTHFS35LWLTMHEPY7KBAJV4M"
174 http GET https://registry.npmjs.org/mongodb
175 http 200 https://registry.npmjs.org/cookie-parser
176 silly registry.get cb [ 200,
176 silly registry.get   { date: 'Thu, 20 Nov 2014 20:42:42 GMT',
176 silly registry.get     server: 'CouchDB/1.5.0 (Erlang OTP/R16B03)',
176 silly registry.get     etag: '"D2I21Z55J0M83YHA636O1DW9K"',
176 silly registry.get     'content-type': 'application/json',
176 silly registry.get     'cache-control': 'max-age=60',
176 silly registry.get     'content-length': '14080',
176 silly registry.get     'accept-ranges': 'bytes',
176 silly registry.get     via: '1.1 varnish',
176 silly registry.get     age: '48',
176 silly registry.get     'x-served-by': 'cache-jfk1021-JFK',
176 silly registry.get     'x-cache': 'HIT',
176 silly registry.get     'x-cache-hits': '2',
176 silly registry.get     'x-timer': 'S1416516162.428720,VS0,VE0',
176 silly registry.get     vary: 'Accept',
176 silly registry.get     'keep-alive': 'timeout=10, max=50',
176 silly registry.get     connection: 'Keep-Alive' } ]
177 http 200 https://registry.npmjs.org/serve-favicon
178 silly registry.get cb [ 200,
178 silly registry.get   { date: 'Thu, 20 Nov 2014 20:42:42 GMT',
178 silly registry.get     server: 'CouchDB/1.5.0 (Erlang OTP/R16B03)',
178 silly registry.get     etag: '"32DME59ARJISQ6B7SM9GQJ65I"',
178 silly registry.get     'content-type': 'application/json',
178 silly registry.get     'cache-control': 'max-age=60',
178 silly registry.get     'content-length': '18897',
178 silly registry.get     'accept-ranges': 'bytes',
178 silly registry.get     via: '1.1 varnish',
178 silly registry.get     age: '26',
178 silly registry.get     'x-served-by': 'cache-jfk1028-JFK',
178 silly registry.get     'x-cache': 'HIT',
178 silly registry.get     'x-cache-hits': '1',
178 silly registry.get     'x-timer': 'S1416516162.428081,VS0,VE0',
178 silly registry.get     vary: 'Accept',
178 silly registry.get     'keep-alive': 'timeout=10, max=50',
178 silly registry.get     connection: 'Keep-Alive' } ]
179 silly addNameRange number 2 { name: 'cookie-parser',
179 silly addNameRange   range: '>=1.3.3-0 <1.4.0-0',
179 silly addNameRange   hasData: true }
180 silly addNameRange versions [ 'cookie-parser',
180 silly addNameRange   [ '1.0.0',
180 silly addNameRange     '1.0.1',
180 silly addNameRange     '1.1.0',
180 silly addNameRange     '1.2.0',
180 silly addNameRange     '1.3.0',
180 silly addNameRange     '1.3.1',
180 silly addNameRange     '1.3.2',
180 silly addNameRange     '1.3.3' ] ]
181 verbose addNamed [ 'cookie-parser', '1.3.3' ]
182 verbose addNamed [ '1.3.3', '1.3.3' ]
183 silly lockFile 68450bd4-cookie-parser-1-3-3 cookie-parser@1.3.3
184 verbose lock cookie-parser@1.3.3 /home/edward/.npm/68450bd4-cookie-parser-1-3-3.lock
185 silly addNameRange number 2 { name: 'serve-favicon',
185 silly addNameRange   range: '>=2.1.3-0 <2.2.0-0',
185 silly addNameRange   hasData: true }
186 silly addNameRange versions [ 'serve-favicon',
186 silly addNameRange   [ '2.0.0',
186 silly addNameRange     '2.0.1',
186 silly addNameRange     '2.1.0',
186 silly addNameRange     '2.1.1',
186 silly addNameRange     '2.1.2',
186 silly addNameRange     '2.1.3',
186 silly addNameRange     '2.1.4',
186 silly addNameRange     '2.1.5',
186 silly addNameRange     '2.1.6',
186 silly addNameRange     '2.1.7' ] ]
187 verbose addNamed [ 'serve-favicon', '2.1.7' ]
188 verbose addNamed [ '2.1.7', '2.1.7' ]
189 silly lockFile 041e16ae-serve-favicon-2-1-7 serve-favicon@2.1.7
190 verbose lock serve-favicon@2.1.7 /home/edward/.npm/041e16ae-serve-favicon-2-1-7.lock
191 http 200 https://registry.npmjs.org/morgan
192 silly registry.get cb [ 200,
192 silly registry.get   { date: 'Thu, 20 Nov 2014 20:42:42 GMT',
192 silly registry.get     server: 'CouchDB/1.5.0 (Erlang OTP/R16B03)',
192 silly registry.get     etag: '"AZAUPRTBF7IDB5ZNT1PUN8D7T"',
192 silly registry.get     'content-type': 'application/json',
192 silly registry.get     'cache-control': 'max-age=60',
192 silly registry.get     'content-length': '31715',
192 silly registry.get     'accept-ranges': 'bytes',
192 silly registry.get     via: '1.1 varnish',
192 silly registry.get     age: '11',
192 silly registry.get     'x-served-by': 'cache-jfk1020-JFK',
192 silly registry.get     'x-cache': 'HIT',
192 silly registry.get     'x-cache-hits': '2',
192 silly registry.get     'x-timer': 'S1416516162.429460,VS0,VE0',
192 silly registry.get     vary: 'Accept',
192 silly registry.get     'keep-alive': 'timeout=10, max=50',
192 silly registry.get     connection: 'Keep-Alive' } ]
193 silly lockFile 864e7377-e-parser-cookie-parser-1-3-3-tgz https://registry.npmjs.org/cookie-parser/-/cookie-parser-1.3.3.tgz
194 verbose lock https://registry.npmjs.org/cookie-parser/-/cookie-parser-1.3.3.tgz /home/edward/.npm/864e7377-e-parser-cookie-parser-1-3-3-tgz.lock
195 http 200 https://registry.npmjs.org/body-parser
196 silly registry.get cb [ 200,
196 silly registry.get   { date: 'Thu, 20 Nov 2014 20:42:42 GMT',
196 silly registry.get     server: 'CouchDB/1.5.0 (Erlang OTP/R14B04)',
196 silly registry.get     etag: '"31NOWALYE5KS8CUXXM9FZZM0H"',
196 silly registry.get     'content-type': 'application/json',
196 silly registry.get     'cache-control': 'max-age=60',
196 silly registry.get     'content-length': '71579',
196 silly registry.get     'accept-ranges': 'bytes',
196 silly registry.get     via: '1.1 varnish',
196 silly registry.get     age: '48',
196 silly registry.get     'x-served-by': 'cache-jfk1024-JFK',
196 silly registry.get     'x-cache': 'HIT',
196 silly registry.get     'x-cache-hits': '1',
196 silly registry.get     'x-timer': 'S1416516162.426827,VS0,VE0',
196 silly registry.get     vary: 'Accept',
196 silly registry.get     'keep-alive': 'timeout=10, max=50',
196 silly registry.get     connection: 'Keep-Alive' } ]
197 http 200 https://registry.npmjs.org/monk
198 silly registry.get cb [ 200,
198 silly registry.get   { date: 'Thu, 20 Nov 2014 20:42:42 GMT',
198 silly registry.get     server: 'CouchDB/1.5.0 (Erlang OTP/R16B03)',
198 silly registry.get     etag: '"263B4P3Z896P6SEO0R03OO3WS"',
198 silly registry.get     'content-type': 'application/json',
198 silly registry.get     'cache-control': 'max-age=60',
198 silly registry.get     'content-length': '26767',
198 silly registry.get     'accept-ranges': 'bytes',
198 silly registry.get     via: '1.1 varnish',
198 silly registry.get     age: '37',
198 silly registry.get     'x-served-by': 'cache-jfk1021-JFK',
198 silly registry.get     'x-cache': 'HIT',
198 silly registry.get     'x-cache-hits': '1',
198 silly registry.get     'x-timer': 'S1416516162.445561,VS0,VE0',
198 silly registry.get     vary: 'Accept',
198 silly registry.get     'keep-alive': 'timeout=10, max=49',
198 silly registry.get     connection: 'Keep-Alive' } ]
199 http 304 https://registry.npmjs.org/express
200 silly registry.get cb [ 304,
200 silly registry.get   { date: 'Thu, 20 Nov 2014 20:42:42 GMT',
200 silly registry.get     server: 'Apache',
200 silly registry.get     via: '1.1 varnish',
200 silly registry.get     'last-modified': 'Thu, 20 Nov 2014 20:42:42 GMT',
200 silly registry.get     'cache-control': 'max-age=60',
200 silly registry.get     etag: '"1UVWP112JRXEK7DGNWPW3ASMK"',
200 silly registry.get     age: '45',
200 silly registry.get     'x-served-by': 'cache-jfk1028-JFK',
200 silly registry.get     'x-cache': 'HIT',
200 silly registry.get     'x-cache-hits': '1',
200 silly registry.get     'x-timer': 'S1416516162.446686,VS0,VE2',
200 silly registry.get     vary: 'Accept',
200 silly registry.get     'content-length': '0',
200 silly registry.get     'keep-alive': 'timeout=10, max=49',
200 silly registry.get     connection: 'Keep-Alive' } ]
201 verbose etag https://registry.npmjs.org/express from cache
202 http 304 https://registry.npmjs.org/debug
203 silly registry.get cb [ 304,
203 silly registry.get   { date: 'Thu, 20 Nov 2014 20:42:42 GMT',
203 silly registry.get     server: 'Apache',
203 silly registry.get     via: '1.1 varnish',
203 silly registry.get     'last-modified': 'Thu, 20 Nov 2014 20:42:06 GMT',
203 silly registry.get     'cache-control': 'max-age=60',
203 silly registry.get     etag: '"13TO0OD9DW8ZUI61KH5X2J8G5"',
203 silly registry.get     age: '36',
203 silly registry.get     'x-served-by': 'cache-jfk1020-JFK',
203 silly registry.get     'x-cache': 'HIT',
203 silly registry.get     'x-cache-hits': '2',
203 silly registry.get     'x-timer': 'S1416516162.456313,VS0,VE0',
203 silly registry.get     vary: 'Accept',
203 silly registry.get     'content-length': '0',
203 silly registry.get     'keep-alive': 'timeout=10, max=49',
203 silly registry.get     connection: 'Keep-Alive' } ]
204 verbose etag https://registry.npmjs.org/debug from cache
205 silly lockFile 901719e4--favicon-serve-favicon-2-1-7-tgz https://registry.npmjs.org/serve-favicon/-/serve-favicon-2.1.7.tgz
206 verbose lock https://registry.npmjs.org/serve-favicon/-/serve-favicon-2.1.7.tgz /home/edward/.npm/901719e4--favicon-serve-favicon-2-1-7-tgz.lock
207 verbose addRemoteTarball [ 'https://registry.npmjs.org/cookie-parser/-/cookie-parser-1.3.3.tgz',
207 verbose addRemoteTarball   '7e3a2c745f4b460d5a340e578a0baa5d7725fe37' ]
208 http 304 https://registry.npmjs.org/mongodb
209 silly registry.get cb [ 304,
209 silly registry.get   { date: 'Thu, 20 Nov 2014 20:42:42 GMT',
209 silly registry.get     server: 'Apache',
209 silly registry.get     via: '1.1 varnish',
209 silly registry.get     'last-modified': 'Thu, 20 Nov 2014 20:42:42 GMT',
209 silly registry.get     'cache-control': 'max-age=60',
209 silly registry.get     etag: '"8WTHFS35LWLTMHEPY7KBAJV4M"',
209 silly registry.get     age: '26',
209 silly registry.get     'x-served-by': 'cache-jfk1024-JFK',
209 silly registry.get     'x-cache': 'HIT',
209 silly registry.get     'x-cache-hits': '1',
209 silly registry.get     'x-timer': 'S1416516162.462339,VS0,VE1',
209 silly registry.get     vary: 'Accept',
209 silly registry.get     'content-length': '0',
209 silly registry.get     'keep-alive': 'timeout=10, max=49',
209 silly registry.get     connection: 'Keep-Alive' } ]
210 verbose etag https://registry.npmjs.org/mongodb from cache
211 http 200 https://registry.npmjs.org/jade
212 silly registry.get cb [ 200,
212 silly registry.get   { date: 'Thu, 20 Nov 2014 20:42:42 GMT',
212 silly registry.get     server: 'CouchDB/1.5.0 (Erlang OTP/R16B03)',
212 silly registry.get     etag: '"ND1KXB7CNJYMWTUUSYIODUJJ"',
212 silly registry.get     'content-type': 'application/json',
212 silly registry.get     'cache-control': 'max-age=60',
212 silly registry.get     'content-length': '127543',
212 silly registry.get     'accept-ranges': 'bytes',
212 silly registry.get     via: '1.1 varnish',
212 silly registry.get     age: '14',
212 silly registry.get     'x-served-by': 'cache-jfk1030-JFK',
212 silly registry.get     'x-cache': 'HIT',
212 silly registry.get     'x-cache-hits': '1',
212 silly registry.get     'x-timer': 'S1416516162.437881,VS0,VE1',
212 silly registry.get     vary: 'Accept',
212 silly registry.get     'keep-alive': 'timeout=10, max=50',
212 silly registry.get     connection: 'Keep-Alive' } ]
213 verbose addRemoteTarball [ 'https://registry.npmjs.org/serve-favicon/-/serve-favicon-2.1.7.tgz',
213 verbose addRemoteTarball   '7b911c0ea4c0f9a2ad686daa5222766f7bc7db79' ]
214 silly addNameRange number 2 { name: 'morgan', range: '>=1.3.0-0 <1.4.0-0', hasData: true }
215 silly addNameRange versions [ 'morgan',
215 silly addNameRange   [ '1.0.0',
215 silly addNameRange     '1.0.1',
215 silly addNameRange     '1.1.0',
215 silly addNameRange     '1.1.1',
215 silly addNameRange     '1.2.0',
215 silly addNameRange     '1.2.1',
215 silly addNameRange     '1.2.2',
215 silly addNameRange     '1.2.3',
215 silly addNameRange     '1.3.0',
215 silly addNameRange     '1.3.1',
215 silly addNameRange     '1.3.2',
215 silly addNameRange     '1.4.0',
215 silly addNameRange     '1.4.1',
215 silly addNameRange     '1.5.0' ] ]
216 verbose addNamed [ 'morgan', '1.3.2' ]
217 verbose addNamed [ '1.3.2', '1.3.2' ]
218 silly lockFile 7e2b41c6-morgan-1-3-2 morgan@1.3.2
219 verbose lock morgan@1.3.2 /home/edward/.npm/7e2b41c6-morgan-1-3-2.lock
220 silly addNameRange number 2 { name: 'express', range: '>=4.9.0-0 <4.10.0-0', hasData: true }
221 silly addNameRange versions [ 'express',
221 silly addNameRange   [ '0.14.0',
221 silly addNameRange     '0.14.1',
221 silly addNameRange     '1.0.0',
221 silly addNameRange     '1.0.1',
221 silly addNameRange     '1.0.2',
221 silly addNameRange     '1.0.3',
221 silly addNameRange     '1.0.4',
221 silly addNameRange     '1.0.5',
221 silly addNameRange     '1.0.6',
221 silly addNameRange     '1.0.7',
221 silly addNameRange     '1.0.8',
221 silly addNameRange     '2.0.0',
221 silly addNameRange     '2.1.0',
221 silly addNameRange     '2.1.1',
221 silly addNameRange     '2.2.0',
221 silly addNameRange     '2.2.1',
221 silly addNameRange     '2.2.2',
221 silly addNameRange     '2.3.0',
221 silly addNameRange     '2.3.1',
221 silly addNameRange     '2.3.2',
221 silly addNameRange     '2.3.3',
221 silly addNameRange     '2.3.4',
221 silly addNameRange     '2.3.5',
221 silly addNameRange     '2.3.6',
221 silly addNameRange     '2.3.7',
221 silly addNameRange     '2.3.8',
221 silly addNameRange     '2.3.9',
221 silly addNameRange     '2.3.10',
221 silly addNameRange     '2.3.11',
221 silly addNameRange     '2.3.12',
221 silly addNameRange     '2.4.0',
221 silly addNameRange     '2.4.1',
221 silly addNameRange     '2.4.2',
221 silly addNameRange     '2.4.3',
221 silly addNameRange     '2.4.4',
221 silly addNameRange     '2.4.5',
221 silly addNameRange     '2.4.6',
221 silly addNameRange     '2.4.7',
221 silly addNameRange     '2.5.0',
221 silly addNameRange     '2.5.1',
221 silly addNameRange     '2.5.2',
221 silly addNameRange     '2.5.3',
221 silly addNameRange     '2.5.4',
221 silly addNameRange     '2.5.5',
221 silly addNameRange     '2.5.6',
221 silly addNameRange     '2.5.7',
221 silly addNameRange     '2.5.8',
221 silly addNameRange     '2.5.9',
221 silly addNameRange     '2.5.10',
221 silly addNameRange     '2.5.11',
221 silly addNameRange     '3.0.0',
221 silly addNameRange     '3.0.1',
221 silly addNameRange     '3.0.2',
221 silly addNameRange     '3.0.3',
221 silly addNameRange     '3.0.4',
221 silly addNameRange     '3.0.5',
221 silly addNameRange     '3.0.6',
221 silly addNameRange     '3.1.0',
221 silly addNameRange     '3.1.1',
221 silly addNameRange     '3.1.2',
221 silly addNameRange     '3.2.0',
221 silly addNameRange     '3.2.1',
221 silly addNameRange     '3.2.2',
221 silly addNameRange     '3.2.3',
221 silly addNameRange     '3.2.4',
221 silly addNameRange     '3.2.5',
221 silly addNameRange     '3.2.6',
221 silly addNameRange     '3.3.0',
221 silly addNameRange     '3.3.1',
221 silly addNameRange     '3.3.2',
221 silly addNameRange     '3.3.3',
221 silly addNameRange     '3.3.4',
221 silly addNameRange     '3.3.5',
221 silly addNameRange     '3.3.6',
221 silly addNameRange     '1.0.0-beta',
221 silly addNameRange     '1.0.0-beta2',
221 silly addNameRange     '1.0.0-rc',
221 silly addNameRange     '1.0.0-rc2',
221 silly addNameRange     '1.0.0-rc3',
221 silly addNameRange     '1.0.0-rc4',
221 silly addNameRange     '2.0.0-beta',
221 silly addNameRange     '2.0.0-beta2',
221 silly addNameRange     '2.0.0-beta3',
221 silly addNameRange     '2.0.0-rc',
221 silly addNameRange     '2.0.0-rc2',
221 silly addNameRange     '2.0.0-rc3',
221 silly addNameRange     '3.0.0-alpha1',
221 silly addNameRange     '3.0.0-alpha2',
221 silly addNameRange     '3.0.0-alpha3',
221 silly addNameRange     '3.0.0-alpha4',
221 silly addNameRange     '3.0.0-alpha5',
221 silly addNameRange     '3.0.0-beta1',
221 silly addNameRange     '3.0.0-beta2',
221 silly addNameRange     '3.0.0-beta3',
221 silly addNameRange     '3.0.0-beta4',
221 silly addNameRange     '3.0.0-beta6',
221 silly addNameRange     '3.0.0-beta7',
221 silly addNameRange     '3.0.0-rc1',
221 silly addNameRange     '3.0.0-rc2',
221 silly addNameRange     '3.0.0-rc3',
221 silly addNameRange     '3.0.0-rc4',
221 silly addNameRange     '3.0.0-rc5',
221 silly addNameRange     '3.3.7',
221 silly addNameRange     '3.3.8',
221 silly addNameRange     '3.4.0',
221 silly addNameRange     '3.4.1',
221 silly addNameRange     '3.4.2',
221 silly addNameRange     '3.4.3',
221 silly addNameRange     '3.4.4',
221 silly addNameRange     '3.4.5',
221 silly addNameRange     '3.4.6',
221 silly addNameRange     '3.4.7',
221 silly addNameRange     '3.4.8',
221 silly addNameRange     '4.0.0-rc1',
221 silly addNameRange     '4.0.0-rc2',
221 silly addNameRange     '3.5.0',
221 silly addNameRange     '4.0.0-rc3',
221 silly addNameRange     '4.0.0-rc4',
221 silly addNameRange     '3.5.1',
221 silly addNameRange     '4.0.0',
221 silly addNameRange     '3.5.2',
221 silly addNameRange     '4.1.0',
221 silly addNameRange     '4.1.1',
221 silly addNameRange     '3.5.3',
221 silly addNameRange     '4.1.2',
221 silly addNameRange     '3.6.0',
221 silly addNameRange     '4.2.0',
221 silly addNameRange     '3.7.0',
221 silly addNameRange     '3.8.0',
221 silly addNameRange     '4.3.0',
221 silly addNameRange     '4.3.1',
221 silly addNameRange     '3.8.1',
221 silly addNameRange     '4.3.2',
221 silly addNameRange     '3.9.0',
221 silly addNameRange     '4.4.0',
221 silly addNameRange     '4.4.1',
221 silly addNameRange     '3.10.0',
221 silly addNameRange     '3.10.1',
221 silly addNameRange     '3.10.2',
221 silly addNameRange     '3.10.3',
221 silly addNameRange     '3.10.4',
221 silly addNameRange     '4.4.2',
221 silly addNameRange     '3.10.5',
221 silly addNameRange     '4.4.3',
221 silly addNameRange     '3.11.0',
221 silly addNameRange     '4.4.4',
221 silly addNameRange     '3.12.0',
221 silly addNameRange     '3.12.1',
221 silly addNameRange     '4.4.5',
221 silly addNameRange     '3.13.0',
221 silly addNameRange     '4.5.0',
221 silly addNameRange     '4.5.1',
221 silly addNameRange     '3.14.0',
221 silly addNameRange     '4.6.0',
221 silly addNameRange     '4.6.1',
221 silly addNameRange     '3.15.0',
221 silly addNameRange     '4.7.0',
221 silly addNameRange     '3.15.1',
221 silly addNameRange     '4.7.1',
221 silly addNameRange     '3.15.2',
221 silly addNameRange     '4.7.2',
221 silly addNameRange     '4.7.3',
221 silly addNameRange     '3.15.3',
221 silly addNameRange     '4.7.4',
221 silly addNameRange     '3.16.0',
221 silly addNameRange     '4.8.0',
221 silly addNameRange     '3.16.1',
221 silly addNameRange     '4.8.1',
221 silly addNameRange     '3.16.2',
221 silly addNameRange     '4.8.2',
221 silly addNameRange     '3.16.3',
221 silly addNameRange     '3.16.4',
221 silly addNameRange     '4.8.3',
221 silly addNameRange     '3.16.5',
221 silly addNameRange     '3.16.6',
221 silly addNameRange     '4.8.4',
221 silly addNameRange     '3.16.7',
221 silly addNameRange     '4.8.5',
221 silly addNameRange     '3.16.8',
221 silly addNameRange     '4.8.6',
221 silly addNameRange     '3.16.9',
221 silly addNameRange     '4.8.7',
221 silly addNameRange     '3.16.10',
221 silly addNameRange     '4.8.8',
221 silly addNameRange     '3.17.0',
221 silly addNameRange     '3.17.1',
221 silly addNameRange     '4.9.0',
221 silly addNameRange     '3.17.2',
221 silly addNameRange     '4.9.1',
221 silly addNameRange     '4.9.2',
221 silly addNameRange     '3.17.3',
221 silly addNameRange     '4.9.3',
221 silly addNameRange     '3.17.4',
221 silly addNameRange     '4.9.4',
221 silly addNameRange     '3.17.5',
221 silly addNameRange     '4.9.5',
221 silly addNameRange     '3.17.6',
221 silly addNameRange     '3.17.7',
221 silly addNameRange     '4.9.6',
221 silly addNameRange     '4.9.7',
221 silly addNameRange     '3.17.8',
221 silly addNameRange     '4.9.8',
221 silly addNameRange     '3.18.0',
221 silly addNameRange     '3.18.1',
221 silly addNameRange     '4.10.0',
221 silly addNameRange     '3.18.2',
221 silly addNameRange     '4.10.1',
221 silly addNameRange     '5.0.0-alpha.1',
221 silly addNameRange     '3.18.3',
221 silly addNameRange     '4.10.2' ] ]
222 verbose addNamed [ 'express', '4.9.8' ]
223 verbose addNamed [ '4.9.8', '4.9.8' ]
224 silly lockFile 3e3a25f6-express-4-9-8 express@4.9.8
225 verbose lock express@4.9.8 /home/edward/.npm/3e3a25f6-express-4-9-8.lock
226 silly addNameRange number 2 { name: 'body-parser',
226 silly addNameRange   range: '>=1.8.1-0 <1.9.0-0',
226 silly addNameRange   hasData: true }
227 silly addNameRange versions [ 'body-parser',
227 silly addNameRange   [ '1.0.0',
227 silly addNameRange     '1.0.1',
227 silly addNameRange     '1.0.2',
227 silly addNameRange     '1.1.0',
227 silly addNameRange     '1.1.1',
227 silly addNameRange     '1.1.2',
227 silly addNameRange     '1.2.0',
227 silly addNameRange     '1.2.1',
227 silly addNameRange     '1.2.2',
227 silly addNameRange     '1.3.0',
227 silly addNameRange     '1.3.1',
227 silly addNameRange     '1.4.0',
227 silly addNameRange     '1.4.1',
227 silly addNameRange     '1.4.2',
227 silly addNameRange     '1.4.3',
227 silly addNameRange     '1.5.0',
227 silly addNameRange     '1.5.1',
227 silly addNameRange     '1.5.2',
227 silly addNameRange     '1.6.0',
227 silly addNameRange     '1.6.1',
227 silly addNameRange     '1.6.2',
227 silly addNameRange     '1.6.3',
227 silly addNameRange     '1.6.4',
227 silly addNameRange     '1.6.5',
227 silly addNameRange     '1.6.6',
227 silly addNameRange     '1.6.7',
227 silly addNameRange     '1.7.0',
227 silly addNameRange     '1.8.0',
227 silly addNameRange     '1.8.1',
227 silly addNameRange     '1.8.2',
227 silly addNameRange     '1.8.3',
227 silly addNameRange     '1.8.4',
227 silly addNameRange     '1.9.0',
227 silly addNameRange     '1.9.1',
227 silly addNameRange     '1.9.2' ] ]
228 verbose addNamed [ 'body-parser', '1.8.4' ]
229 verbose addNamed [ '1.8.4', '1.8.4' ]
230 silly lockFile 5cba912c-body-parser-1-8-4 body-parser@1.8.4
231 verbose lock body-parser@1.8.4 /home/edward/.npm/5cba912c-body-parser-1-8-4.lock
232 silly addNameRange number 2 { name: 'monk', range: '*', hasData: true }
233 silly addNameRange versions [ 'monk',
233 silly addNameRange   [ '0.1.0',
233 silly addNameRange     '0.1.2',
233 silly addNameRange     '0.1.3',
233 silly addNameRange     '0.1.4',
233 silly addNameRange     '0.1.5',
233 silly addNameRange     '0.1.6',
233 silly addNameRange     '0.1.7',
233 silly addNameRange     '0.1.8',
233 silly addNameRange     '0.1.9',
233 silly addNameRange     '0.1.10',
233 silly addNameRange     '0.1.11',
233 silly addNameRange     '0.1.12',
233 silly addNameRange     '0.1.13',
233 silly addNameRange     '0.1.14',
233 silly addNameRange     '0.1.15',
233 silly addNameRange     '0.2.0',
233 silly addNameRange     '0.2.1',
233 silly addNameRange     '0.3.0',
233 silly addNameRange     '0.4.0',
233 silly addNameRange     '0.5.0',
233 silly addNameRange     '0.6.0',
233 silly addNameRange     '0.7.0',
233 silly addNameRange     '0.7.1',
233 silly addNameRange     '0.8.0',
233 silly addNameRange     '0.8.1',
233 silly addNameRange     '0.9.0',
233 silly addNameRange     '0.9.1' ] ]
234 verbose addNamed [ 'monk', '0.9.1' ]
235 verbose addNamed [ '0.9.1', '0.9.1' ]
236 silly lockFile ee83df35-monk-0-9-1 monk@0.9.1
237 verbose lock monk@0.9.1 /home/edward/.npm/ee83df35-monk-0-9-1.lock
238 silly addNameRange number 2 { name: 'debug', range: '>=2.0.0-0 <2.1.0-0', hasData: true }
239 silly addNameRange versions [ 'debug',
239 silly addNameRange   [ '0.0.1',
239 silly addNameRange     '0.1.0',
239 silly addNameRange     '0.2.0',
239 silly addNameRange     '0.3.0',
239 silly addNameRange     '0.4.0',
239 silly addNameRange     '0.4.1',
239 silly addNameRange     '0.5.0',
239 silly addNameRange     '0.6.0',
239 silly addNameRange     '0.7.0',
239 silly addNameRange     '0.7.1',
239 silly addNameRange     '0.7.2',
239 silly addNameRange     '0.7.3',
239 silly addNameRange     '0.7.4',
239 silly addNameRange     '0.8.0',
239 silly addNameRange     '0.8.1',
239 silly addNameRange     '1.0.0',
239 silly addNameRange     '1.0.1',
239 silly addNameRange     '1.0.2',
239 silly addNameRange     '1.0.3',
239 silly addNameRange     '1.0.4',
239 silly addNameRange     '2.0.0',
239 silly addNameRange     '2.1.0' ] ]
240 verbose addNamed [ 'debug', '2.0.0' ]
241 verbose addNamed [ '2.0.0', '2.0.0' ]
242 silly lockFile 095bd820-debug-2-0-0 debug@2.0.0
243 verbose lock debug@2.0.0 /home/edward/.npm/095bd820-debug-2-0-0.lock
244 info retry fetch attempt 1 at 15:42:42
245 verbose fetch to= /tmp/npm-12586-e101HrLv/registry.npmjs.org/serve-favicon/-/serve-favicon-2.1.7.tgz
246 silly addNameRange number 2 { name: 'mongodb', range: '*', hasData: true }
247 silly addNameRange versions [ 'mongodb',
247 silly addNameRange   [ '0.9.4',
247 silly addNameRange     '0.9.4-4',
247 silly addNameRange     '0.9.3',
247 silly addNameRange     '0.9.1',
247 silly addNameRange     '0.9.2',
247 silly addNameRange     '0.9.6-7',
247 silly addNameRange     '0.9.6-8',
247 silly addNameRange     '0.9.6-9',
247 silly addNameRange     '0.9.6-10',
247 silly addNameRange     '0.9.6-11',
247 silly addNameRange     '0.9.6-12',
247 silly addNameRange     '0.9.6-13',
247 silly addNameRange     '0.9.6-14',
247 silly addNameRange     '0.9.6-15',
247 silly addNameRange     '0.9.6-16',
247 silly addNameRange     '0.9.6-17',
247 silly addNameRange     '0.9.6-18',
247 silly addNameRange     '0.9.6-19',
247 silly addNameRange     '0.9.6-20',
247 silly addNameRange     '0.9.6-21',
247 silly addNameRange     '0.9.6-22',
247 silly addNameRange     '0.9.6-23',
247 silly addNameRange     '0.9.7',
247 silly addNameRange     '0.9.7-0',
247 silly addNameRange     '0.9.7-1',
247 silly addNameRange     '0.9.7-1.1',
247 silly addNameRange     '0.9.7-1.2',
247 silly addNameRange     '0.9.7-1.3',
247 silly addNameRange     '0.9.7-1.4',
247 silly addNameRange     '0.9.7-2',
247 silly addNameRange     '0.9.7-2-1',
247 silly addNameRange     '0.9.7-2-2',
247 silly addNameRange     '0.9.7-2-3',
247 silly addNameRange     '0.9.7-2-4',
247 silly addNameRange     '0.9.7-2-5',
247 silly addNameRange     '0.9.7-3',
247 silly addNameRange     '0.9.7-3-1',
247 silly addNameRange     '0.9.7-3-2',
247 silly addNameRange     '0.9.7-3-3',
247 silly addNameRange     '0.9.7-3-4',
247 silly addNameRange     '0.9.7-3-5',
247 silly addNameRange     '0.9.8',
247 silly addNameRange     '0.9.8-1',
247 silly addNameRange     '0.9.8-2',
247 silly addNameRange     '0.9.8-3',
247 silly addNameRange     '0.9.8-4',
247 silly addNameRange     '0.9.8-5',
247 silly addNameRange     '0.9.8-6',
247 silly addNameRange     '0.9.8-7',
247 silly addNameRange     '0.9.9',
247 silly addNameRange     '0.9.9-1',
247 silly addNameRange     '0.9.9-2',
247 silly addNameRange     '0.9.9-3',
247 silly addNameRange     '0.9.9-4',
247 silly addNameRange     '0.9.9-5',
247 silly addNameRange     '0.9.9-6',
247 silly addNameRange     '0.9.9-7',
247 silly addNameRange     '0.9.9-8',
247 silly addNameRange     '1.0.0',
247 silly addNameRange     '1.0.1',
247 silly addNameRange     '1.0.2',
247 silly addNameRange     '1.1.0-beta',
247 silly addNameRange     '1.1.0',
247 silly addNameRange     '1.1.1',
247 silly addNameRange     '1.1.2',
247 silly addNameRange     '1.1.3',
247 silly addNameRange     '1.1.4',
247 silly addNameRange     '1.1.5',
247 silly addNameRange     '1.1.6',
247 silly addNameRange     '1.1.7',
247 silly addNameRange     '1.1.8',
247 silly addNameRange     '1.1.9',
247 silly addNameRange     '1.1.10',
247 silly addNameRange     '1.1.11',
247 silly addNameRange     '1.2.0',
247 silly addNameRange     '1.2.1',
247 silly addNameRange     '1.2.2',
247 silly addNameRange     '1.2.3',
247 silly addNameRange     '1.2.4',
247 silly addNameRange     '1.2.5',
247 silly addNameRange     '1.2.6',
247 silly addNameRange     '1.2.7',
247 silly addNameRange     '1.2.8',
247 silly addNameRange     '1.2.9',
247 silly addNameRange     '1.2.10',
247 silly addNameRange     '1.2.11',
247 silly addNameRange     '1.2.12',
247 silly addNameRange     '1.2.13',
247 silly addNameRange     '1.2.14',
247 silly addNameRange     '1.3.0',
247 silly addNameRange     '1.3.1',
247 silly addNameRange     '1.3.2',
247 silly addNameRange     '1.3.3',
247 silly addNameRange     '1.3.4',
247 silly addNameRange     '1.3.5',
247 silly addNameRange     '1.3.6',
247 silly addNameRange     '1.3.7',
247 silly addNameRange     '1.3.8',
247 silly addNameRange     '1.3.9',
247 silly addNameRange     '1.3.10',
247 silly addNameRange     '1.3.11',
247 silly addNameRange     '1.3.12',
247 silly addNameRange     '1.3.14',
247 silly addNameRange     '1.3.15',
247 silly addNameRange     '1.3.17',
247 silly addNameRange     '1.3.18',
247 silly addNameRange     '1.3.19',
247 silly addNameRange     '1.4.0-rc2',
247 silly addNameRange     '1.3.20',
247 silly addNameRange     '1.4.0-rc3',
247 silly addNameRange     '1.3.21',
247 silly addNameRange     '1.3.22',
247 silly addNameRange     '1.3.23',
247 silly addNameRange     '1.4.0-rc4',
247 silly addNameRange     '1.4.0-rc5',
247 silly addNameRange     '1.4.0-rc6',
247 silly addNameRange     '1.4.0-rc7',
247 silly addNameRange     '1.4.0-rc8',
247 silly addNameRange     '1.4.0-rc9',
247 silly addNameRange     '1.4.0-rc10',
247 silly addNameRange     '1.4.0',
247 silly addNameRange     '1.4.1',
247 silly addNameRange     '1.4.2',
247 silly addNameRange     '1.4.3',
247 silly addNameRange     '1.4.4',
247 silly addNameRange     '1.4.5',
247 silly addNameRange     '1.4.6',
247 silly addNameRange     '1.4.7',
247 silly addNameRange     '1.4.8',
247 silly addNameRange     '1.4.9',
247 silly addNameRange     '1.4.10',
247 silly addNameRange     '2.0.0-alpha1',
247 silly addNameRange     '1.4.11',
247 silly addNameRange     '1.4.12',
247 silly addNameRange     '1.4.14',
247 silly addNameRange     '1.4.15',
247 silly addNameRange     '1.4.16',
247 silly addNameRange     '1.4.17',
247 silly addNameRange     '2.0.0-alpha2',
247 silly addNameRange     '1.4.18',
247 silly addNameRange     '2.0.0',
247 silly addNameRange     '2.0.1',
247 silly addNameRange     '2.0.2',
247 silly addNameRange     '1.4.19',
247 silly addNameRange     '2.0.3',
247 silly addNameRange     '2.0.4',
247 silly addNameRange     '2.0.5',
247 silly addNameRange     '2.0.6',
247 silly addNameRange     '1.4.20',
247 silly addNameRange     '1.4.22',
247 silly addNameRange     '2.0.7' ] ]
248 verbose addNamed [ 'mongodb', '1.4.22' ]
249 verbose addNamed [ '1.4.22', '1.4.22' ]
250 silly lockFile 32552a2f-mongodb-1-4-22 mongodb@1.4.22
251 verbose lock mongodb@1.4.22 /home/edward/.npm/32552a2f-mongodb-1-4-22.lock
252 silly lockFile cac8e271-pmjs-org-morgan-morgan-1-3-2-tgz https://registry.npmjs.org/morgan/-/morgan-1.3.2.tgz
253 verbose lock https://registry.npmjs.org/morgan/-/morgan-1.3.2.tgz /home/edward/.npm/cac8e271-pmjs-org-morgan-morgan-1-3-2-tgz.lock
254 info retry fetch attempt 1 at 15:42:42
255 verbose fetch to= /tmp/npm-12586-e101HrLv/registry.npmjs.org/cookie-parser/-/cookie-parser-1.3.3.tgz
256 silly lockFile 2d7fb097-js-org-express-express-4-9-8-tgz https://registry.npmjs.org/express/-/express-4.9.8.tgz
257 verbose lock https://registry.npmjs.org/express/-/express-4.9.8.tgz /home/edward/.npm/2d7fb097-js-org-express-express-4-9-8-tgz.lock
258 http GET https://registry.npmjs.org/serve-favicon/-/serve-favicon-2.1.7.tgz
259 silly lockFile 58a51cf2-ody-parser-body-parser-1-8-4-tgz https://registry.npmjs.org/body-parser/-/body-parser-1.8.4.tgz
260 verbose lock https://registry.npmjs.org/body-parser/-/body-parser-1.8.4.tgz /home/edward/.npm/58a51cf2-ody-parser-body-parser-1-8-4-tgz.lock
261 silly lockFile 2eeee082-ry-npmjs-org-monk-monk-0-9-1-tgz https://registry.npmjs.org/monk/-/monk-0.9.1.tgz
262 verbose lock https://registry.npmjs.org/monk/-/monk-0.9.1.tgz /home/edward/.npm/2eeee082-ry-npmjs-org-monk-monk-0-9-1-tgz.lock
263 silly lockFile e2182b07--npmjs-org-debug-debug-2-0-0-tgz https://registry.npmjs.org/debug/-/debug-2.0.0.tgz
264 verbose lock https://registry.npmjs.org/debug/-/debug-2.0.0.tgz /home/edward/.npm/e2182b07--npmjs-org-debug-debug-2-0-0-tgz.lock
265 silly addNameRange number 2 { name: 'jade', range: '>=1.6.0-0 <1.7.0-0', hasData: true }
266 silly addNameRange versions [ 'jade',
266 silly addNameRange   [ '0.0.1',
266 silly addNameRange     '0.0.2',
266 silly addNameRange     '0.1.0',
266 silly addNameRange     '0.2.0',
266 silly addNameRange     '0.2.1',
266 silly addNameRange     '0.2.2',
266 silly addNameRange     '0.2.3',
266 silly addNameRange     '0.2.4',
266 silly addNameRange     '0.3.0',
266 silly addNameRange     '0.4.0',
266 silly addNameRange     '0.4.1',
266 silly addNameRange     '0.5.0',
266 silly addNameRange     '0.5.1',
266 silly addNameRange     '0.5.2',
266 silly addNameRange     '0.5.3',
266 silly addNameRange     '0.5.4',
266 silly addNameRange     '0.5.5',
266 silly addNameRange     '0.5.6',
266 silly addNameRange     '0.5.7',
266 silly addNameRange     '0.6.0',
266 silly addNameRange     '0.6.1',
266 silly addNameRange     '0.6.3',
266 silly addNameRange     '0.7.0',
266 silly addNameRange     '0.7.1',
266 silly addNameRange     '0.8.0',
266 silly addNameRange     '0.8.1',
266 silly addNameRange     '0.8.2',
266 silly addNameRange     '0.8.3',
266 silly addNameRange     '0.8.4',
266 silly addNameRange     '0.8.5',
266 silly addNameRange     '0.8.6',
266 silly addNameRange     '0.8.7',
266 silly addNameRange     '0.8.8',
266 silly addNameRange     '0.8.9',
266 silly addNameRange     '0.9.0',
266 silly addNameRange     '0.9.1',
266 silly addNameRange     '0.9.2',
266 silly addNameRange     '0.9.3',
266 silly addNameRange     '0.10.0',
266 silly addNameRange     '0.10.1',
266 silly addNameRange     '0.10.2',
266 silly addNameRange     '0.10.3',
266 silly addNameRange     '0.10.4',
266 silly addNameRange     '0.10.5',
266 silly addNameRange     '0.10.6',
266 silly addNameRange     '0.10.7',
266 silly addNameRange     '0.11.0',
266 silly addNameRange     '0.11.1',
266 silly addNameRange     '0.12.0',
266 silly addNameRange     '0.12.1',
266 silly addNameRange     '0.12.2',
266 silly addNameRange     '0.12.3',
266 silly addNameRange     '0.12.4',
266 silly addNameRange     '0.13.0',
266 silly addNameRange     '0.14.0',
266 silly addNameRange     '0.14.1',
266 silly addNameRange     '0.14.2',
266 silly addNameRange     '0.15.0',
266 silly addNameRange     '0.15.1',
266 silly addNameRange     '0.15.2',
266 silly addNameRange     '0.15.3',
266 silly addNameRange     '0.15.4',
266 silly addNameRange     '0.16.0',
266 silly addNameRange     '0.16.1',
266 silly addNameRange     '0.16.2',
266 silly addNameRange     '0.16.3',
266 silly addNameRange     '0.16.4',
266 silly addNameRange     '0.17.0',
266 silly addNameRange     '0.18.0',
266 silly addNameRange     '0.19.0',
266 silly addNameRange     '0.20.0',
266 silly addNameRange     '0.20.1',
266 silly addNameRange     '0.20.2',
266 silly addNameRange     '0.20.3',
266 silly addNameRange     '0.21.0',
266 silly addNameRange     '0.22.0',
266 silly addNameRange     '0.22.1',
266 silly addNameRange     '0.23.0',
266 silly addNameRange     '0.24.0',
266 silly addNameRange     '0.25.0',
266 silly addNameRange     '0.26.0',
266 silly addNameRange     '0.26.1',
266 silly addNameRange     '0.26.2',
266 silly addNameRange     '0.26.3',
266 silly addNameRange     '0.27.0',
266 silly addNameRange     '0.27.1',
266 silly addNameRange     '0.27.2',
266 silly addNameRange     '0.27.3',
266 silly addNameRange     '0.27.4',
266 silly addNameRange     '0.27.5',
266 silly addNameRange     '0.27.6',
266 silly addNameRange     '0.27.7',
266 silly addNameRange     '0.28.0',
266 silly addNameRange     '0.28.1',
266 silly addNameRange     '0.28.2',
266 silly addNameRange     '0.29.0',
266 silly addNameRange     '0.30.0',
266 silly addNameRange     '0.31.0',
266 silly addNameRange     '0.31.1',
266 silly addNameRange     '0.31.2',
266 silly addNameRange     '0.32.0',
266 silly addNameRange     '0.33.0',
266 silly addNameRange     '0.34.0',
266 silly addNameRange     '0.34.1',
266 silly addNameRange     '0.35.0',
266 silly addNameRange     '1.0.0',
266 silly addNameRange     '1.0.1',
266 silly addNameRange     '1.0.2',
266 silly addNameRange     '1.1.0',
266 silly addNameRange     '1.1.1',
266 silly addNameRange     '1.1.2',
266 silly addNameRange     '1.1.3',
266 silly addNameRange     '1.1.4',
266 silly addNameRange     '1.1.5',
266 silly addNameRange     '1.2.0',
266 silly addNameRange     '1.3.0',
266 silly addNameRange     '1.3.1',
266 silly addNameRange     '1.4.0',
266 silly addNameRange     '1.4.1',
266 silly addNameRange     '1.4.2',
266 silly addNameRange     '1.5.0',
266 silly addNameRange     '1.6.0',
266 silly addNameRange     '1.7.0' ] ]
267 verbose addNamed [ 'jade', '1.6.0' ]
268 verbose addNamed [ '1.6.0', '1.6.0' ]
269 silly lockFile c06071bd-jade-1-6-0 jade@1.6.0
270 verbose lock jade@1.6.0 /home/edward/.npm/c06071bd-jade-1-6-0.lock
271 verbose addRemoteTarball [ 'https://registry.npmjs.org/morgan/-/morgan-1.3.2.tgz',
271 verbose addRemoteTarball   'ac41aa15221ee4e5f2ac843896b6918139a18efd' ]
272 http GET https://registry.npmjs.org/cookie-parser/-/cookie-parser-1.3.3.tgz
273 verbose addRemoteTarball [ 'https://registry.npmjs.org/express/-/express-4.9.8.tgz',
273 verbose addRemoteTarball   'f360f596baeabbd0e5223b603d6eb578d9d2d10d' ]
274 silly lockFile cff61d01-s-org-mongodb-mongodb-1-4-22-tgz https://registry.npmjs.org/mongodb/-/mongodb-1.4.22.tgz
275 verbose lock https://registry.npmjs.org/mongodb/-/mongodb-1.4.22.tgz /home/edward/.npm/cff61d01-s-org-mongodb-mongodb-1-4-22-tgz.lock
276 verbose addRemoteTarball [ 'https://registry.npmjs.org/body-parser/-/body-parser-1.8.4.tgz',
276 verbose addRemoteTarball   'd497e04bc13b3f9a8bd8c70bb0cdc16f2e028898' ]
277 verbose addRemoteTarball [ 'https://registry.npmjs.org/monk/-/monk-0.9.1.tgz',
277 verbose addRemoteTarball   '641598a4a2e7cea89bfa8abf945ccbcc81369e23' ]
278 verbose addRemoteTarball [ 'https://registry.npmjs.org/debug/-/debug-2.0.0.tgz',
278 verbose addRemoteTarball   '89bd9df6732b51256bc6705342bba02ed12131ef' ]
279 verbose addRemoteTarball [ 'https://registry.npmjs.org/mongodb/-/mongodb-1.4.22.tgz',
279 verbose addRemoteTarball   '7b625915a7ee3d59fb32a52bbf2edb9ff881b278' ]
280 silly lockFile 7bdc82f5-ry-npmjs-org-jade-jade-1-6-0-tgz https://registry.npmjs.org/jade/-/jade-1.6.0.tgz
281 verbose lock https://registry.npmjs.org/jade/-/jade-1.6.0.tgz /home/edward/.npm/7bdc82f5-ry-npmjs-org-jade-jade-1-6-0-tgz.lock
282 info retry fetch attempt 1 at 15:42:42
283 verbose fetch to= /tmp/npm-12586-e101HrLv/registry.npmjs.org/morgan/-/morgan-1.3.2.tgz
284 info retry fetch attempt 1 at 15:42:42
285 verbose fetch to= /tmp/npm-12586-e101HrLv/registry.npmjs.org/express/-/express-4.9.8.tgz
286 info retry fetch attempt 1 at 15:42:42
287 verbose fetch to= /tmp/npm-12586-e101HrLv/registry.npmjs.org/body-parser/-/body-parser-1.8.4.tgz
288 info retry fetch attempt 1 at 15:42:42
289 verbose fetch to= /tmp/npm-12586-e101HrLv/registry.npmjs.org/monk/-/monk-0.9.1.tgz
290 info retry fetch attempt 1 at 15:42:42
291 verbose fetch to= /tmp/npm-12586-e101HrLv/registry.npmjs.org/debug/-/debug-2.0.0.tgz
292 http GET https://registry.npmjs.org/morgan/-/morgan-1.3.2.tgz
293 verbose addRemoteTarball [ 'https://registry.npmjs.org/jade/-/jade-1.6.0.tgz',
293 verbose addRemoteTarball   'c02540cd97b1014db3c15743746bc3dcd54170f9' ]
294 http GET https://registry.npmjs.org/express/-/express-4.9.8.tgz
295 info retry fetch attempt 1 at 15:42:42
296 verbose fetch to= /tmp/npm-12586-e101HrLv/registry.npmjs.org/mongodb/-/mongodb-1.4.22.tgz
297 http GET https://registry.npmjs.org/body-parser/-/body-parser-1.8.4.tgz
298 http GET https://registry.npmjs.org/monk/-/monk-0.9.1.tgz
299 http GET https://registry.npmjs.org/debug/-/debug-2.0.0.tgz
300 http GET https://registry.npmjs.org/mongodb/-/mongodb-1.4.22.tgz
301 info retry fetch attempt 1 at 15:42:42
302 verbose fetch to= /tmp/npm-12586-e101HrLv/registry.npmjs.org/jade/-/jade-1.6.0.tgz
303 http GET https://registry.npmjs.org/jade/-/jade-1.6.0.tgz
304 http 200 https://registry.npmjs.org/serve-favicon/-/serve-favicon-2.1.7.tgz
305 http 200 https://registry.npmjs.org/cookie-parser/-/cookie-parser-1.3.3.tgz
306 http 200 https://registry.npmjs.org/express/-/express-4.9.8.tgz
307 http 200 https://registry.npmjs.org/morgan/-/morgan-1.3.2.tgz
308 http 200 https://registry.npmjs.org/debug/-/debug-2.0.0.tgz
309 http 200 https://registry.npmjs.org/body-parser/-/body-parser-1.8.4.tgz
310 silly lockFile 901719e4--favicon-serve-favicon-2-1-7-tgz https://registry.npmjs.org/serve-favicon/-/serve-favicon-2.1.7.tgz
311 silly lockFile 901719e4--favicon-serve-favicon-2-1-7-tgz https://registry.npmjs.org/serve-favicon/-/serve-favicon-2.1.7.tgz
312 silly lockFile 041e16ae-serve-favicon-2-1-7 serve-favicon@2.1.7
313 silly lockFile 041e16ae-serve-favicon-2-1-7 serve-favicon@2.1.7
314 silly lockFile 38295489-serve-favicon-2-1-3 serve-favicon@~2.1.3
315 silly lockFile 38295489-serve-favicon-2-1-3 serve-favicon@~2.1.3
316 http 200 https://registry.npmjs.org/jade/-/jade-1.6.0.tgz
317 silly lockFile 864e7377-e-parser-cookie-parser-1-3-3-tgz https://registry.npmjs.org/cookie-parser/-/cookie-parser-1.3.3.tgz
318 silly lockFile 864e7377-e-parser-cookie-parser-1-3-3-tgz https://registry.npmjs.org/cookie-parser/-/cookie-parser-1.3.3.tgz
319 silly lockFile 68450bd4-cookie-parser-1-3-3 cookie-parser@1.3.3
320 silly lockFile 68450bd4-cookie-parser-1-3-3 cookie-parser@1.3.3
321 silly lockFile e2182b07--npmjs-org-debug-debug-2-0-0-tgz https://registry.npmjs.org/debug/-/debug-2.0.0.tgz
322 silly lockFile e2182b07--npmjs-org-debug-debug-2-0-0-tgz https://registry.npmjs.org/debug/-/debug-2.0.0.tgz
323 silly lockFile bf5babd8-cookie-parser-1-3-3 cookie-parser@~1.3.3
324 silly lockFile bf5babd8-cookie-parser-1-3-3 cookie-parser@~1.3.3
325 silly lockFile 095bd820-debug-2-0-0 debug@2.0.0
326 silly lockFile 095bd820-debug-2-0-0 debug@2.0.0
327 silly lockFile 12b6356d-debug-2-0-0 debug@~2.0.0
328 silly lockFile 12b6356d-debug-2-0-0 debug@~2.0.0
329 http 200 https://registry.npmjs.org/mongodb/-/mongodb-1.4.22.tgz
330 silly lockFile 2d7fb097-js-org-express-express-4-9-8-tgz https://registry.npmjs.org/express/-/express-4.9.8.tgz
331 silly lockFile 2d7fb097-js-org-express-express-4-9-8-tgz https://registry.npmjs.org/express/-/express-4.9.8.tgz
332 silly lockFile 3e3a25f6-express-4-9-8 express@4.9.8
333 silly lockFile 3e3a25f6-express-4-9-8 express@4.9.8
334 silly lockFile 6ae7fa08-express-4-9-0 express@~4.9.0
335 silly lockFile 6ae7fa08-express-4-9-0 express@~4.9.0
336 silly lockFile cac8e271-pmjs-org-morgan-morgan-1-3-2-tgz https://registry.npmjs.org/morgan/-/morgan-1.3.2.tgz
337 silly lockFile cac8e271-pmjs-org-morgan-morgan-1-3-2-tgz https://registry.npmjs.org/morgan/-/morgan-1.3.2.tgz
338 silly lockFile 7e2b41c6-morgan-1-3-2 morgan@1.3.2
339 silly lockFile 7e2b41c6-morgan-1-3-2 morgan@1.3.2
340 silly lockFile a4a9bdf4-morgan-1-3-0 morgan@~1.3.0
341 silly lockFile a4a9bdf4-morgan-1-3-0 morgan@~1.3.0
342 silly lockFile 58a51cf2-ody-parser-body-parser-1-8-4-tgz https://registry.npmjs.org/body-parser/-/body-parser-1.8.4.tgz
343 silly lockFile 58a51cf2-ody-parser-body-parser-1-8-4-tgz https://registry.npmjs.org/body-parser/-/body-parser-1.8.4.tgz
344 silly lockFile 5cba912c-body-parser-1-8-4 body-parser@1.8.4
345 silly lockFile 5cba912c-body-parser-1-8-4 body-parser@1.8.4
346 silly lockFile a49948c1-body-parser-1-8-1 body-parser@~1.8.1
347 silly lockFile a49948c1-body-parser-1-8-1 body-parser@~1.8.1
348 http 200 https://registry.npmjs.org/monk/-/monk-0.9.1.tgz
349 silly lockFile 7bdc82f5-ry-npmjs-org-jade-jade-1-6-0-tgz https://registry.npmjs.org/jade/-/jade-1.6.0.tgz
350 silly lockFile 7bdc82f5-ry-npmjs-org-jade-jade-1-6-0-tgz https://registry.npmjs.org/jade/-/jade-1.6.0.tgz
351 silly lockFile c06071bd-jade-1-6-0 jade@1.6.0
352 silly lockFile c06071bd-jade-1-6-0 jade@1.6.0
353 silly lockFile ad8c17a8-jade-1-6-0 jade@~1.6.0
354 silly lockFile ad8c17a8-jade-1-6-0 jade@~1.6.0
355 silly lockFile 2eeee082-ry-npmjs-org-monk-monk-0-9-1-tgz https://registry.npmjs.org/monk/-/monk-0.9.1.tgz
356 silly lockFile 2eeee082-ry-npmjs-org-monk-monk-0-9-1-tgz https://registry.npmjs.org/monk/-/monk-0.9.1.tgz
357 silly lockFile ee83df35-monk-0-9-1 monk@0.9.1
358 silly lockFile ee83df35-monk-0-9-1 monk@0.9.1
359 silly lockFile 0950a84a-monk monk@*
360 silly lockFile 0950a84a-monk monk@*
361 silly lockFile cff61d01-s-org-mongodb-mongodb-1-4-22-tgz https://registry.npmjs.org/mongodb/-/mongodb-1.4.22.tgz
362 silly lockFile cff61d01-s-org-mongodb-mongodb-1-4-22-tgz https://registry.npmjs.org/mongodb/-/mongodb-1.4.22.tgz
363 silly lockFile 32552a2f-mongodb-1-4-22 mongodb@1.4.22
364 silly lockFile 32552a2f-mongodb-1-4-22 mongodb@1.4.22
365 silly lockFile 842f93d5-mongodb mongodb@*
366 silly lockFile 842f93d5-mongodb mongodb@*
367 error Error: EACCES, mkdir '/home/edward/.npm/debug/2.0.0'
367 error  { [Error: EACCES, mkdir '/home/edward/.npm/debug/2.0.0']
367 error   errno: 3,
367 error   code: 'EACCES',
367 error   path: '/home/edward/.npm/debug/2.0.0',
367 error   parent: 'darknight' }
368 error Please try running this command again as root/Administrator.
369 error System Linux 3.13.0-32-generic
370 error command "/usr/bin/node" "/usr/bin/npm" "install"
371 error cwd /var/www/html/projects/darknight
372 error node -v v0.10.33
373 error npm -v 1.4.28
374 error path /home/edward/.npm/debug/2.0.0
375 error code EACCES
376 error errno 3
377 error stack Error: EACCES, mkdir '/home/edward/.npm/debug/2.0.0'
378 verbose exit [ 3, true ]
